{
  "id": "cus_HmYj7xkfgxpLsZ",
  "object": "customer",
  "address": null,
  "balance": 0,
  "created": 1596683860,
  "currency": null,
  "default_source": "card_1HCzauCCFiKXeHbs1q3CN8Oz",
  "delinquent": false,
  "description": null,
  "discount": null,
  "email": "test3@qq.com",
  "invoice_prefix": "FABD56E5",
  "invoice_settings": {
    "custom_fields": null,
    "default_payment_method": null,
    "footer": null
  },
  "livemode": false,
  "metadata": {
  },
  "name": "test",
  "next_invoice_sequence": 1,
  "phone": "13000000000",
  "preferred_locales": [

  ],
  "shipping": null,
  "sources": {
    "object": "list",
    "data": [
      {
        "id": "card_1HCzauCCFiKXeHbs1q3CN8Oz",
        "object": "card",
        "address_city": null,
        "address_country": null,
        "address_line1": null,
        "address_line1_check": null,
        "address_line2": null,
        "address_state": null,
        "address_zip": null,
        "address_zip_check": null,
        "brand": "MasterCard",
        "country": "US",
        "customer": "cus_HmYj7xkfgxpLsZ",
        "cvc_check": "pass",
        "dynamic_last4": null,
        "exp_month": 12,
        "exp_year": 2021,
        "fingerprint": "JHDgZh5S2wAqqLtH",
        "funding": "credit",
        "last4": "4444",
        "metadata": {
        },
        "name": null,
        "tokenization_method": null
      }
    ],
    "has_more": false,
    "total_count": 1,
    "url": "/v1/customers/cus_HmYj7xkfgxpLsZ/sources"
  },
  "subscriptions": {
    "object": "list",
    "data": [

    ],
    "has_more": false,
    "total_count": 0,
    "url": "/v1/customers/cus_HmYj7xkfgxpLsZ/subscriptions"
  },
  "tax_exempt": "none",
  "tax_ids": {
    "object": "list",
    "data": [

    ],
    "has_more": false,
    "total_count": 0,
    "url": "/v1/customers/cus_HmYj7xkfgxpLsZ/tax_ids"
  }
}
